[03-Apr-2026 20:23:07 Asia/Riyadh] DashboardController  sid
[03-Apr-2026 20:23:07 Asia/Riyadh] C:\xampp\htdocs\project\Hospital-Management-System\controllers\DashboardController.php  file
[03-Apr-2026 20:23:07 Asia/Riyadh] C:\xampp\htdocs\project\Hospital-Management-System\controllers\DashboardController.php  fff
[03-Apr-2026 20:23:59 Asia/Riyadh] DashboardController  sid
[03-Apr-2026 20:23:59 Asia/Riyadh] C:\xampp\htdocs\project\Hospital-Management-System\controllers\DashboardController.php  file
[03-Apr-2026 20:23:59 Asia/Riyadh] C:\xampp\htdocs\project\Hospital-Management-System\controllers\DashboardController.php  fff
[03-Apr-2026 20:27:29 Asia/Riyadh] DashboardController  sid
[03-Apr-2026 20:27:29 Asia/Riyadh] C:\xampp\htdocs\project\Hospital-Management-System\controllers\DashboardController.php  file
[03-Apr-2026 20:27:29 Asia/Riyadh] C:\xampp\htdocs\project\Hospital-Management-System\controllers\DashboardController.php  fff
[03-Apr-2026 20:28:13 Asia/Riyadh] DashboardController  sid
[03-Apr-2026 20:28:13 Asia/Riyadh] C:\xampp\htdocs\project\Hospital-Management-System\controllers\DashboardController.php  file
[03-Apr-2026 20:28:13 Asia/Riyadh] C:\xampp\htdocs\project\Hospital-Management-System\controllers\DashboardController.php  fff
[03-Apr-2026 20:30:10 Asia/Riyadh] DashboardController  sid
[03-Apr-2026 20:30:10 Asia/Riyadh] C:\xampp\htdocs\project\Hospital-Management-System\controllers\DashboardController.php  file
[03-Apr-2026 20:30:10 Asia/Riyadh] C:\xampp\htdocs\project\Hospital-Management-System\controllers\DashboardController.php  fff
[03-Apr-2026 20:30:13 Asia/Riyadh] DashboardController  sid
[03-Apr-2026 20:30:13 Asia/Riyadh] C:\xampp\htdocs\project\Hospital-Management-System\controllers\DashboardController.php  file
[03-Apr-2026 20:30:13 Asia/Riyadh] C:\xampp\htdocs\project\Hospital-Management-System\controllers\DashboardController.php  fff
[03-Apr-2026 20:32:22 Asia/Riyadh] DashboardController  sid
[03-Apr-2026 20:32:22 Asia/Riyadh] C:\xampp\htdocs\project\Hospital-Management-System\controllers\DashboardController.php  file
[03-Apr-2026 20:32:22 Asia/Riyadh] C:\xampp\htdocs\project\Hospital-Management-System\controllers\DashboardController.php  fff
[03-Apr-2026 20:39:28 Asia/Riyadh] DashboardController  sid
[03-Apr-2026 20:39:28 Asia/Riyadh] C:\xampp\htdocs\project\Hospital-Management-System\controllers\DashboardController.php  file
[03-Apr-2026 20:39:28 Asia/Riyadh] C:\xampp\htdocs\project\Hospital-Management-System\controllers\DashboardController.php  fff
[03-Apr-2026 20:40:26 Asia/Riyadh] DashboardController  sid
[03-Apr-2026 20:40:26 Asia/Riyadh] C:\xampp\htdocs\project\Hospital-Management-System\controllers\DashboardController.php  file
[03-Apr-2026 20:40:26 Asia/Riyadh] C:\xampp\htdocs\project\Hospital-Management-System\controllers\DashboardController.php  fff
[03-Apr-2026 20:40:29 Asia/Riyadh] DashboardController  sid
[03-Apr-2026 20:40:29 Asia/Riyadh] C:\xampp\htdocs\project\Hospital-Management-System\controllers\DashboardController.php  file
[03-Apr-2026 20:40:29 Asia/Riyadh] C:\xampp\htdocs\project\Hospital-Management-System\controllers\DashboardController.php  fff
[03-Apr-2026 20:40:32 Asia/Riyadh] DashboardController  sid
[03-Apr-2026 20:40:32 Asia/Riyadh] C:\xampp\htdocs\project\Hospital-Management-System\controllers\DashboardController.php  file
[03-Apr-2026 20:40:32 Asia/Riyadh] C:\xampp\htdocs\project\Hospital-Management-System\controllers\DashboardController.php  fff
[03-Apr-2026 20:41:31 Asia/Riyadh] DashboardController  sid
[03-Apr-2026 20:41:31 Asia/Riyadh] C:\xampp\htdocs\project\Hospital-Management-System\controllers\DashboardController.php  file
[03-Apr-2026 20:41:31 Asia/Riyadh] C:\xampp\htdocs\project\Hospital-Management-System\controllers\DashboardController.php  fff
[03-Apr-2026 20:41:32 Asia/Riyadh] DashboardController  sid
[03-Apr-2026 20:41:32 Asia/Riyadh] C:\xampp\htdocs\project\Hospital-Management-System\controllers\DashboardController.php  file
[03-Apr-2026 20:41:32 Asia/Riyadh] C:\xampp\htdocs\project\Hospital-Management-System\controllers\DashboardController.php  fff
[03-Apr-2026 20:41:36 Asia/Riyadh] DashboardController  sid
[03-Apr-2026 20:41:36 Asia/Riyadh] C:\xampp\htdocs\project\Hospital-Management-System\controllers\DashboardController.php  file
[03-Apr-2026 20:41:36 Asia/Riyadh] C:\xampp\htdocs\project\Hospital-Management-System\controllers\DashboardController.php  fff
[03-Apr-2026 20:41:48 Asia/Riyadh] DashboardController  sid
[03-Apr-2026 20:41:48 Asia/Riyadh] C:\xampp\htdocs\project\Hospital-Management-System\controllers\DashboardController.php  file
[03-Apr-2026 20:41:48 Asia/Riyadh] C:\xampp\htdocs\project\Hospital-Management-System\controllers\DashboardController.php  fff
[03-Apr-2026 20:41:59 Asia/Riyadh] DashboardController  sid
[03-Apr-2026 20:41:59 Asia/Riyadh] C:\xampp\htdocs\project\Hospital-Management-System\controllers\DashboardController.php  file
[03-Apr-2026 20:41:59 Asia/Riyadh] C:\xampp\htdocs\project\Hospital-Management-System\controllers\DashboardController.php  fff
[03-Apr-2026 20:45:20 Asia/Riyadh] DashboardController  sid
[03-Apr-2026 20:45:20 Asia/Riyadh] C:\xampp\htdocs\project\Hospital-Management-System\controllers\DashboardController.php  file
[03-Apr-2026 20:45:20 Asia/Riyadh] C:\xampp\htdocs\project\Hospital-Management-System\controllers\DashboardController.php  fff
[03-Apr-2026 20:45:49 Asia/Riyadh] DashboardController  sid
[03-Apr-2026 20:45:49 Asia/Riyadh] C:\xampp\htdocs\project\Hospital-Management-System\controllers\DashboardController.php  file
[03-Apr-2026 20:45:49 Asia/Riyadh] C:\xampp\htdocs\project\Hospital-Management-System\controllers\DashboardController.php  fff
[03-Apr-2026 20:47:34 Asia/Riyadh] DashboardController  sid
[03-Apr-2026 20:47:34 Asia/Riyadh] C:\xampp\htdocs\project\Hospital-Management-System\controllers\DashboardController.php  file
[03-Apr-2026 20:47:34 Asia/Riyadh] C:\xampp\htdocs\project\Hospital-Management-System\controllers\DashboardController.php  fff
[03-Apr-2026 20:49:38 Asia/Riyadh] DashboardController  sid
[03-Apr-2026 20:49:38 Asia/Riyadh] C:\xampp\htdocs\project\Hospital-Management-System\controllers\DashboardController.php  file
[03-Apr-2026 20:49:38 Asia/Riyadh] C:\xampp\htdocs\project\Hospital-Management-System\controllers\DashboardController.php  fff
[03-Apr-2026 20:55:41 Asia/Riyadh] 
[03-Apr-2026 20:55:41 Asia/Riyadh] DashboardController  sid
[03-Apr-2026 20:55:41 Asia/Riyadh] C:\xampp\htdocs\project\Hospital-Management-System\controllers\DashboardController.php  file
[03-Apr-2026 20:55:41 Asia/Riyadh] C:\xampp\htdocs\project\Hospital-Management-System\controllers\DashboardController.php  fff
[03-Apr-2026 20:56:17 Asia/Riyadh] 
[03-Apr-2026 20:56:17 Asia/Riyadh] DashboardController  sid
[03-Apr-2026 20:56:17 Asia/Riyadh] C:\xampp\htdocs\project\Hospital-Management-System\controllers\DashboardController.php  file
[03-Apr-2026 20:56:17 Asia/Riyadh] C:\xampp\htdocs\project\Hospital-Management-System\controllers\DashboardController.php  fff
[03-Apr-2026 20:56:22 Asia/Riyadh] 
[03-Apr-2026 20:56:22 Asia/Riyadh] DashboardController  sid
[03-Apr-2026 20:56:22 Asia/Riyadh] C:\xampp\htdocs\project\Hospital-Management-System\controllers\DashboardController.php  file
[03-Apr-2026 20:56:22 Asia/Riyadh] C:\xampp\htdocs\project\Hospital-Management-System\controllers\DashboardController.php  fff
[03-Apr-2026 20:57:06 Asia/Riyadh]  inedx
[03-Apr-2026 20:57:06 Asia/Riyadh] DashboardController  sid
[03-Apr-2026 20:57:06 Asia/Riyadh] C:\xampp\htdocs\project\Hospital-Management-System\controllers\DashboardController.php  file
[03-Apr-2026 20:57:06 Asia/Riyadh] C:\xampp\htdocs\project\Hospital-Management-System\controllers\DashboardController.php  fff
[03-Apr-2026 20:59:33 Asia/Riyadh] DashboardController  sid
[03-Apr-2026 20:59:33 Asia/Riyadh] C:\xampp\htdocs\project\Hospital-Management-System\controllers\DashboardController.php  file
[03-Apr-2026 20:59:33 Asia/Riyadh] C:\xampp\htdocs\project\Hospital-Management-System\controllers\DashboardController.php  fff
[03-Apr-2026 21:01:58 Asia/Riyadh] DashboardController  sid
[03-Apr-2026 21:01:58 Asia/Riyadh] C:\xampp\htdocs\project\Hospital-Management-System\controllers\DashboardController.php  file
[03-Apr-2026 21:01:58 Asia/Riyadh] C:\xampp\htdocs\project\Hospital-Management-System\controllers\DashboardController.php  fff
[03-Apr-2026 21:01:58 Asia/Riyadh] PHP Fatal error:  Uncaught TypeError: error_log(): Argument #1 ($message) must be of type string, array given in C:\xampp\htdocs\project\Hospital-Management-System\core\router.php:84
Stack trace:
#0 C:\xampp\htdocs\project\Hospital-Management-System\core\router.php(84): error_log(Array)
#1 C:\xampp\htdocs\project\Hospital-Management-System\index.php(77): Router->dispatch('')
#2 {main}
  thrown in C:\xampp\htdocs\project\Hospital-Management-System\core\router.php on line 84
[03-Apr-2026 21:02:33 Asia/Riyadh] DashboardController  sid
[03-Apr-2026 21:02:33 Asia/Riyadh] C:\xampp\htdocs\project\Hospital-Management-System\controllers\DashboardController.php  file
[03-Apr-2026 21:02:33 Asia/Riyadh] C:\xampp\htdocs\project\Hospital-Management-System\controllers\DashboardController.php  fff
[03-Apr-2026 21:02:33 Asia/Riyadh] PHP Fatal error:  Uncaught Error: Object of class DashboardController could not be converted to string in C:\xampp\htdocs\project\Hospital-Management-System\core\router.php:80
Stack trace:
#0 C:\xampp\htdocs\project\Hospital-Management-System\index.php(77): Router->dispatch('')
#1 {main}
  thrown in C:\xampp\htdocs\project\Hospital-Management-System\core\router.php on line 80
[03-Apr-2026 21:02:34 Asia/Riyadh] DashboardController  sid
[03-Apr-2026 21:02:34 Asia/Riyadh] C:\xampp\htdocs\project\Hospital-Management-System\controllers\DashboardController.php  file
[03-Apr-2026 21:02:34 Asia/Riyadh] C:\xampp\htdocs\project\Hospital-Management-System\controllers\DashboardController.php  fff
[03-Apr-2026 21:02:34 Asia/Riyadh] PHP Fatal error:  Uncaught Error: Object of class DashboardController could not be converted to string in C:\xampp\htdocs\project\Hospital-Management-System\core\router.php:80
Stack trace:
#0 C:\xampp\htdocs\project\Hospital-Management-System\index.php(77): Router->dispatch('')
#1 {main}
  thrown in C:\xampp\htdocs\project\Hospital-Management-System\core\router.php on line 80
[03-Apr-2026 21:02:34 Asia/Riyadh] DashboardController  sid
[03-Apr-2026 21:02:34 Asia/Riyadh] C:\xampp\htdocs\project\Hospital-Management-System\controllers\DashboardController.php  file
[03-Apr-2026 21:02:34 Asia/Riyadh] C:\xampp\htdocs\project\Hospital-Management-System\controllers\DashboardController.php  fff
[03-Apr-2026 21:02:34 Asia/Riyadh] PHP Fatal error:  Uncaught Error: Object of class DashboardController could not be converted to string in C:\xampp\htdocs\project\Hospital-Management-System\core\router.php:80
Stack trace:
#0 C:\xampp\htdocs\project\Hospital-Management-System\index.php(77): Router->dispatch('')
#1 {main}
  thrown in C:\xampp\htdocs\project\Hospital-Management-System\core\router.php on line 80
[03-Apr-2026 21:02:34 Asia/Riyadh] DashboardController  sid
[03-Apr-2026 21:02:34 Asia/Riyadh] C:\xampp\htdocs\project\Hospital-Management-System\controllers\DashboardController.php  file
[03-Apr-2026 21:02:34 Asia/Riyadh] C:\xampp\htdocs\project\Hospital-Management-System\controllers\DashboardController.php  fff
[03-Apr-2026 21:02:34 Asia/Riyadh] PHP Fatal error:  Uncaught Error: Object of class DashboardController could not be converted to string in C:\xampp\htdocs\project\Hospital-Management-System\core\router.php:80
Stack trace:
#0 C:\xampp\htdocs\project\Hospital-Management-System\index.php(77): Router->dispatch('')
#1 {main}
  thrown in C:\xampp\htdocs\project\Hospital-Management-System\core\router.php on line 80
[03-Apr-2026 21:02:35 Asia/Riyadh] DashboardController  sid
[03-Apr-2026 21:02:35 Asia/Riyadh] C:\xampp\htdocs\project\Hospital-Management-System\controllers\DashboardController.php  file
[03-Apr-2026 21:02:35 Asia/Riyadh] C:\xampp\htdocs\project\Hospital-Management-System\controllers\DashboardController.php  fff
[03-Apr-2026 21:02:35 Asia/Riyadh] PHP Fatal error:  Uncaught Error: Object of class DashboardController could not be converted to string in C:\xampp\htdocs\project\Hospital-Management-System\core\router.php:80
Stack trace:
#0 C:\xampp\htdocs\project\Hospital-Management-System\index.php(77): Router->dispatch('')
#1 {main}
  thrown in C:\xampp\htdocs\project\Hospital-Management-System\core\router.php on line 80
[03-Apr-2026 21:03:42 Asia/Riyadh] DashboardController  sid
[03-Apr-2026 21:03:42 Asia/Riyadh] C:\xampp\htdocs\project\Hospital-Management-System\controllers\DashboardController.php  file
[03-Apr-2026 21:03:42 Asia/Riyadh] C:\xampp\htdocs\project\Hospital-Management-System\controllers\DashboardController.php  fff
[03-Apr-2026 21:07:36 Asia/Riyadh] DashboardController  sid
[03-Apr-2026 21:07:36 Asia/Riyadh] C:\xampp\htdocs\project\pharmacy\controllers\DashboardController.php  file
[03-Apr-2026 21:07:36 Asia/Riyadh] C:\xampp\htdocs\project\pharmacy\controllers\DashboardController.php  fff
[03-Apr-2026 21:07:36 Asia/Riyadh] AuthController  sid
[03-Apr-2026 21:07:36 Asia/Riyadh] C:\xampp\htdocs\project\pharmacy\controllers\AuthController.php  file
[03-Apr-2026 21:07:36 Asia/Riyadh] C:\xampp\htdocs\project\pharmacy\controllers\AuthController.php  fff
[03-Apr-2026 21:07:36 Asia/Riyadh] login
[03-Apr-2026 21:07:36 Asia/Riyadh] hhhh
[03-Apr-2026 21:11:23 Asia/Riyadh] DashboardController  sid
[03-Apr-2026 21:11:23 Asia/Riyadh] C:\xampp\htdocs\project\Hospital_Management_System\controllers\DashboardController.php  file
[03-Apr-2026 21:11:23 Asia/Riyadh] C:\xampp\htdocs\project\Hospital_Management_System\controllers\DashboardController.php  fff
[03-Apr-2026 21:11:59 Asia/Riyadh] DashboardController  sid
[03-Apr-2026 21:11:59 Asia/Riyadh] C:\xampp\htdocs\project\Hospital_Management_System\controllers\DashboardController.php  file
[03-Apr-2026 21:11:59 Asia/Riyadh] C:\xampp\htdocs\project\Hospital_Management_System\controllers\DashboardController.php  fff
[03-Apr-2026 21:15:34 Asia/Riyadh] DashboardController  sid
[03-Apr-2026 21:15:34 Asia/Riyadh] C:\xampp\htdocs\project\Hospital-Management-System\controllers\DashboardController.php  file
[03-Apr-2026 21:15:34 Asia/Riyadh] C:\xampp\htdocs\project\Hospital-Management-System\controllers\DashboardController.php  fff
[03-Apr-2026 21:15:58 Asia/Riyadh] DashboardController  sid
[03-Apr-2026 21:15:58 Asia/Riyadh] C:\xampp\htdocs\project\Hospital-Management-System\controllers\DashboardController.php  file
[03-Apr-2026 21:15:58 Asia/Riyadh] C:\xampp\htdocs\project\Hospital-Management-System\controllers\DashboardController.php  fff
[03-Apr-2026 21:15:58 Asia/Riyadh] AuthController  sid
[03-Apr-2026 21:15:58 Asia/Riyadh] C:\xampp\htdocs\project\Hospital-Management-System\controllers\AuthController.php  file
[03-Apr-2026 21:15:58 Asia/Riyadh] C:\xampp\htdocs\project\Hospital-Management-System\controllers\AuthController.php  fff
[03-Apr-2026 21:15:58 Asia/Riyadh] login
[03-Apr-2026 21:15:58 Asia/Riyadh] hhhh
[03-Apr-2026 21:16:09 Asia/Riyadh] AuthController  sid
[03-Apr-2026 21:16:09 Asia/Riyadh] C:\xampp\htdocs\project\Hospital-Management-System\controllers\AuthController.php  file
[03-Apr-2026 21:16:09 Asia/Riyadh] C:\xampp\htdocs\project\Hospital-Management-System\controllers\AuthController.php  fff
[03-Apr-2026 21:16:09 Asia/Riyadh] login
[03-Apr-2026 21:16:09 Asia/Riyadh] hhhh
[03-Apr-2026 21:16:10 Asia/Riyadh] dashboard
[03-Apr-2026 21:16:10 Asia/Riyadh] DashboardController  sid
[03-Apr-2026 21:16:10 Asia/Riyadh] C:\xampp\htdocs\project\Hospital-Management-System\controllers\DashboardController.php  file
[03-Apr-2026 21:16:10 Asia/Riyadh] C:\xampp\htdocs\project\Hospital-Management-System\controllers\DashboardController.php  fff
[03-Apr-2026 21:16:10 Asia/Riyadh] hhhh
[03-Apr-2026 21:16:11 Asia/Riyadh] VisitController  sid
[03-Apr-2026 21:16:11 Asia/Riyadh] C:\xampp\htdocs\project\Hospital-Management-System\controllers\VisitController.php  file
[03-Apr-2026 21:16:11 Asia/Riyadh] C:\xampp\htdocs\project\Hospital-Management-System\controllers\VisitController.php  fff
[03-Apr-2026 21:16:11 Asia/Riyadh] list
[03-Apr-2026 21:16:11 Asia/Riyadh] hhhh
[03-Apr-2026 21:16:12 Asia/Riyadh] PatientController  sid
[03-Apr-2026 21:16:12 Asia/Riyadh] C:\xampp\htdocs\project\Hospital-Management-System\controllers\PatientController.php  file
[03-Apr-2026 21:16:12 Asia/Riyadh] C:\xampp\htdocs\project\Hospital-Management-System\controllers\PatientController.php  fff
[03-Apr-2026 21:16:12 Asia/Riyadh] list
[03-Apr-2026 21:16:12 Asia/Riyadh] hhhh
[03-Apr-2026 21:16:13 Asia/Riyadh] DashboardController  sid
[03-Apr-2026 21:16:13 Asia/Riyadh] C:\xampp\htdocs\project\Hospital-Management-System\controllers\DashboardController.php  file
[03-Apr-2026 21:16:13 Asia/Riyadh] C:\xampp\htdocs\project\Hospital-Management-System\controllers\DashboardController.php  fff
[03-Apr-2026 21:16:13 Asia/Riyadh] hhhh
[03-Apr-2026 21:16:14 Asia/Riyadh] MedicineController  sid
[03-Apr-2026 21:16:14 Asia/Riyadh] C:\xampp\htdocs\project\Hospital-Management-System\controllers\MedicineController.php  file
[03-Apr-2026 21:16:14 Asia/Riyadh] C:\xampp\htdocs\project\Hospital-Management-System\controllers\MedicineController.php  fff
[03-Apr-2026 21:16:14 Asia/Riyadh] list
[03-Apr-2026 21:16:14 Asia/Riyadh] hhhh
[03-Apr-2026 21:16:16 Asia/Riyadh] MedicineController  sid
[03-Apr-2026 21:16:16 Asia/Riyadh] C:\xampp\htdocs\project\Hospital-Management-System\controllers\MedicineController.php  file
[03-Apr-2026 21:16:16 Asia/Riyadh] C:\xampp\htdocs\project\Hospital-Management-System\controllers\MedicineController.php  fff
[03-Apr-2026 21:16:16 Asia/Riyadh] alerts
[03-Apr-2026 21:16:16 Asia/Riyadh] hhhh
[03-Apr-2026 21:16:18 Asia/Riyadh] AuthController  sid
[03-Apr-2026 21:16:18 Asia/Riyadh] C:\xampp\htdocs\project\Hospital-Management-System\controllers\AuthController.php  file
[03-Apr-2026 21:16:18 Asia/Riyadh] C:\xampp\htdocs\project\Hospital-Management-System\controllers\AuthController.php  fff
[03-Apr-2026 21:16:18 Asia/Riyadh] logout
[03-Apr-2026 21:16:18 Asia/Riyadh] hhhh
[03-Apr-2026 21:16:18 Asia/Riyadh] auth/login
[03-Apr-2026 21:16:18 Asia/Riyadh] AuthController  sid
[03-Apr-2026 21:16:18 Asia/Riyadh] C:\xampp\htdocs\project\Hospital-Management-System\controllers\AuthController.php  file
[03-Apr-2026 21:16:18 Asia/Riyadh] C:\xampp\htdocs\project\Hospital-Management-System\controllers\AuthController.php  fff
[03-Apr-2026 21:16:18 Asia/Riyadh] login
[03-Apr-2026 21:16:18 Asia/Riyadh] hhhh
[03-Apr-2026 21:16:20 Asia/Riyadh] AuthController  sid
[03-Apr-2026 21:16:20 Asia/Riyadh] C:\xampp\htdocs\project\Hospital-Management-System\controllers\AuthController.php  file
[03-Apr-2026 21:16:20 Asia/Riyadh] C:\xampp\htdocs\project\Hospital-Management-System\controllers\AuthController.php  fff
[03-Apr-2026 21:16:20 Asia/Riyadh] login
[03-Apr-2026 21:16:20 Asia/Riyadh] hhhh
[03-Apr-2026 21:16:20 Asia/Riyadh] dashboard
[03-Apr-2026 21:16:20 Asia/Riyadh] DashboardController  sid
[03-Apr-2026 21:16:20 Asia/Riyadh] C:\xampp\htdocs\project\Hospital-Management-System\controllers\DashboardController.php  file
[03-Apr-2026 21:16:20 Asia/Riyadh] C:\xampp\htdocs\project\Hospital-Management-System\controllers\DashboardController.php  fff
[03-Apr-2026 21:16:20 Asia/Riyadh] hhhh
